#
# There is insufficient memory for the Java Runtime Environment to continue.
# Native memory allocation (mmap) failed to map 42991616 bytes for Failed to commit area from 0x000000008ca00000 to 0x000000008f300000 of length 42991616.
# Possible reasons:
#   The system is out of physical RAM or swap space
#   The process is running with CompressedOops enabled, and the Java Heap may be blocking the growth of the native heap
# Possible solutions:
#   Reduce memory load on the system
#   Increase physical memory or swap space
#   Check if swap backing store is full
#   Decrease Java heap size (-Xmx/-Xms)
#   Decrease number of Java threads
#   Decrease Java thread stack sizes (-Xss)
#   Set larger code cache with -XX:ReservedCodeCacheSize=
#   JVM is running with Unscaled Compressed Oops mode in which the Java heap is
#     placed in the first 4GB address space. The Java Heap base address is the
#     maximum limit for the native heap growth. Please use -XX:HeapBaseMinAddress
#     to set the Java Heap base and to place the Java Heap above 4GB virtual address.
# This output file may be truncated or incomplete.
#
#  Out of Memory Error (./src/hotspot/os/windows/os_windows.cpp:3301), pid=12896, tid=2308
#
# JRE version: OpenJDK Runtime Environment (11.0.10) (build 11.0.10+0-b96-7249189)
# Java VM: OpenJDK 64-Bit Server VM (11.0.10+0-b96-7249189, mixed mode, tiered, compressed oops, g1 gc, windows-amd64)
# No core dump will be written. Minidumps are not enabled by default on client versions of Windows
#

---------------  S U M M A R Y ------------

Command Line: --add-opens=java.base/java.util=ALL-UNNAMED --add-opens=java.base/java.lang=ALL-UNNAMED --add-opens=java.base/java.lang.invoke=ALL-UNNAMED --add-opens=java.base/java.util=ALL-UNNAMED --add-opens=java.prefs/java.util.prefs=ALL-UNNAMED --add-opens=java.prefs/java.util.prefs=ALL-UNNAMED --add-opens=java.base/java.nio.charset=ALL-UNNAMED --add-opens=java.base/java.net=ALL-UNNAMED --add-opens=java.base/java.util.concurrent.atomic=ALL-UNNAMED -Xmx2048m -Dfile.encoding=UTF-8 -Duser.country=ID -Duser.language=en -Duser.variant org.gradle.launcher.daemon.bootstrap.GradleDaemon 7.0.2

Host: AMD Ryzen 5 3500U with Radeon Vega Mobile Gfx  , 8 cores, 5G,  Windows 10 , 64 bit Build 22000 (10.0.22000.318)
Time: Fri Dec  3 09:57:51 2021 SE Asia Standard Time elapsed time: 22.393236 seconds (0d 0h 0m 22s)

---------------  T H R E A D  ---------------

Current thread (0x000002d43d718800):  VMThread "VM Thread" [stack: 0x000000e99c800000,0x000000e99c900000] [id=2308]

Stack: [0x000000e99c800000,0x000000e99c900000]
[error occurred during error reporting (printing stack bounds), id 0xc0000005, EXCEPTION_ACCESS_VIOLATION (0xc0000005) at pc=0x000002d426dc0f2d]

Native frames: (J=compiled Java code, j=interpreted, Vv=VM code, C=native code)
V  [jvm.dll+0x5ecfaa]
V  [jvm.dll+0x722bd5]
V  [jvm.dll+0x72412d]
V  [jvm.dll+0x724745]
V  [jvm.dll+0x7246fb]
V  [jvm.dll+0x5ec348]
V  [jvm.dll+0x5ecad8]
C  [ntdll.dll+0xa82ff]
C  [ntdll.dll+0x35a0a]
C  [ntdll.dll+0xa730e]
C  0x000002d426dc0f2d

VM_Operation (0x000000e99fcf96a0): G1CollectForAllocation, mode: safepoint, requested by thread 0x000002d442403800


---------------  P R O C E S S  ---------------

Threads class SMR info:
_java_thread_list=0x000002d444de61f0, length=62, elements={
0x000002d4232d2000, 0x000002d43d71c000, 0x000002d43d727000, 0x000002d43e0e2800,
0x000002d43d737000, 0x000002d43d738000, 0x000002d43d744000, 0x000002d43d746000,
0x000002d43d749000, 0x000002d43e21f000, 0x000002d43fc18800, 0x000002d43f5d7000,
0x000002d43f61b800, 0x000002d43faa8800, 0x000002d43fb18800, 0x000002d440556000,
0x000002d43ec9e800, 0x000002d440354000, 0x000002d43f760000, 0x000002d4400d6000,
0x000002d4400d3800, 0x000002d4400d5800, 0x000002d4400d7000, 0x000002d4400d4800,
0x000002d4400da000, 0x000002d4400d7800, 0x000002d4400d8800, 0x000002d4400d9800,
0x000002d4423fb800, 0x000002d4423fc000, 0x000002d4423fd000, 0x000002d4423f9800,
0x000002d4423f7800, 0x000002d4423f9000, 0x000002d4423f8000, 0x000002d442400000,
0x000002d4423ff800, 0x000002d442401000, 0x000002d442402000, 0x000002d4423fe800,
0x000002d442402800, 0x000002d442404800, 0x000002d442406000, 0x000002d442403800,
0x000002d442405000, 0x000002d442570000, 0x000002d442571000, 0x000002d44256c000,
0x000002d44256c800, 0x000002d44256b000, 0x000002d44256d800, 0x000002d442573800,
0x000002d442571800, 0x000002d442574000, 0x000002d44256e800, 0x000002d442575000,
0x000002d44256f000, 0x000002d442575800, 0x000002d44257a000, 0x000002d442577800,
0x000002d442576800, 0x000002d442578000
}

Java Threads: ( => current thread )
  0x000002d4232d2000 JavaThread "main" [_thread_blocked, id=4840, stack(0x000000e99c200000,0x000000e99c300000)]
  0x000002d43d71c000 JavaThread "Reference Handler" daemon [_thread_blocked, id=10888, stack(0x000000e99c900000,0x000000e99ca00000)]
  0x000002d43d727000 JavaThread "Finalizer" daemon [_thread_blocked, id=6464, stack(0x000000e99ca00000,0x000000e99cb00000)]
  0x000002d43e0e2800 JavaThread "Signal Dispatcher" daemon [_thread_blocked, id=12292, stack(0x000000e99cb00000,0x000000e99cc00000)]
  0x000002d43d737000 JavaThread "Attach Listener" daemon [_thread_blocked, id=3836, stack(0x000000e99cc00000,0x000000e99cd00000)]
  0x000002d43d738000 JavaThread "Service Thread" daemon [_thread_blocked, id=5268, stack(0x000000e99cd00000,0x000000e99ce00000)]
  0x000002d43d744000 JavaThread "C2 CompilerThread0" daemon [_thread_in_native, id=7364, stack(0x000000e99ce00000,0x000000e99cf00000)]
  0x000002d43d746000 JavaThread "C1 CompilerThread0" daemon [_thread_blocked, id=5440, stack(0x000000e99cf00000,0x000000e99d000000)]
  0x000002d43d749000 JavaThread "Sweeper thread" daemon [_thread_blocked, id=12464, stack(0x000000e99d000000,0x000000e99d100000)]
  0x000002d43e21f000 JavaThread "Common-Cleaner" daemon [_thread_blocked, id=7628, stack(0x000000e99d100000,0x000000e99d200000)]
  0x000002d43fc18800 JavaThread "Daemon health stats" [_thread_blocked, id=8272, stack(0x000000e99d400000,0x000000e99d500000)]
  0x000002d43f5d7000 JavaThread "Incoming local TCP Connector on port 53256" [_thread_in_native, id=9660, stack(0x000000e99d500000,0x000000e99d600000)]
  0x000002d43f61b800 JavaThread "Daemon periodic checks" [_thread_blocked, id=9528, stack(0x000000e99d600000,0x000000e99d700000)]
  0x000002d43faa8800 JavaThread "Daemon" [_thread_blocked, id=10032, stack(0x000000e99d700000,0x000000e99d800000)]
  0x000002d43fb18800 JavaThread "Handler for socket connection from /127.0.0.1:53256 to /127.0.0.1:53257" [_thread_in_native, id=292, stack(0x000000e99d800000,0x000000e99d900000)]
  0x000002d440556000 JavaThread "Cancel handler" [_thread_blocked, id=7180, stack(0x000000e99d900000,0x000000e99da00000)]
  0x000002d43ec9e800 JavaThread "Daemon worker" [_thread_blocked, id=5860, stack(0x000000e99da00000,0x000000e99db00000)]
  0x000002d440354000 JavaThread "Asynchronous log dispatcher for DefaultDaemonConnection: socket connection from /127.0.0.1:53256 to /127.0.0.1:53257" [_thread_blocked, id=9028, stack(0x000000e99db00000,0x000000e99dc00000)]
  0x000002d43f760000 JavaThread "Stdin handler" [_thread_blocked, id=12588, stack(0x000000e99dc00000,0x000000e99dd00000)]
  0x000002d4400d6000 JavaThread "Daemon client event forwarder" [_thread_blocked, id=13140, stack(0x000000e99dd00000,0x000000e99de00000)]
  0x000002d4400d3800 JavaThread "Cache worker for file hash cache (C:\Users\Yunasril\.gradle\caches\7.0.2\fileHashes)" [_thread_blocked, id=2668, stack(0x000000e99e400000,0x000000e99e500000)]
  0x000002d4400d5800 JavaThread "File lock request listener" [_thread_in_native, id=11984, stack(0x000000e99e500000,0x000000e99e600000)]
  0x000002d4400d7000 JavaThread "Cache worker for journal cache (C:\Users\Yunasril\.gradle\caches\journal-1)" [_thread_blocked, id=9080, stack(0x000000e99e700000,0x000000e99e800000)]
  0x000002d4400d4800 JavaThread "Cache worker for file hash cache (D:\AndroidStudioProjects\Doadandzikir\.gradle\7.0.2\fileHashes)" [_thread_blocked, id=580, stack(0x000000e99e800000,0x000000e99e900000)]
  0x000002d4400da000 JavaThread "File watcher server" daemon [_thread_blocked, id=3964, stack(0x000000e99e900000,0x000000e99ea00000)]
  0x000002d4400d7800 JavaThread "File watcher consumer" daemon [_thread_blocked, id=12860, stack(0x000000e99ea00000,0x000000e99eb00000)]
  0x000002d4400d8800 JavaThread "Cache worker for checksums cache (D:\AndroidStudioProjects\Doadandzikir\.gradle\checksums)" [_thread_blocked, id=1376, stack(0x000000e99eb00000,0x000000e99ec00000)]
  0x000002d4400d9800 JavaThread "Cache worker for cache directory md-supplier (C:\Users\Yunasril\.gradle\caches\7.0.2\md-supplier)" [_thread_blocked, id=3408, stack(0x000000e99ec00000,0x000000e99ed00000)]
  0x000002d4423fb800 JavaThread "Cache worker for cache directory md-rule (C:\Users\Yunasril\.gradle\caches\7.0.2\md-rule)" [_thread_blocked, id=10428, stack(0x000000e99ed00000,0x000000e99ee00000)]
  0x000002d4423fc000 JavaThread "Cache worker for execution history cache (C:\Users\Yunasril\.gradle\caches\7.0.2\executionHistory)" [_thread_blocked, id=4192, stack(0x000000e99ee00000,0x000000e99ef00000)]
  0x000002d4423fd000 JavaThread "jar transforms" [_thread_blocked, id=12412, stack(0x000000e99ef00000,0x000000e99f000000)]
  0x000002d4423f9800 JavaThread "jar transforms Thread 2" [_thread_blocked, id=4760, stack(0x000000e99f000000,0x000000e99f100000)]
  0x000002d4423f7800 JavaThread "Cache worker for file content cache (C:\Users\Yunasril\.gradle\caches\7.0.2\fileContent)" [_thread_blocked, id=8872, stack(0x000000e99f100000,0x000000e99f200000)]
  0x000002d4423f9000 JavaThread "Cache worker for dependencies-accessors (D:\AndroidStudioProjects\Doadandzikir\.gradle\7.0.2\dependencies-accessors)" [_thread_blocked, id=1380, stack(0x000000e99f200000,0x000000e99f300000)]
  0x000002d4423f8000 JavaThread "jar transforms Thread 3" [_thread_blocked, id=2416, stack(0x000000e99f300000,0x000000e99f400000)]
  0x000002d442400000 JavaThread "Cache worker for Build Output Cleanup Cache (D:\AndroidStudioProjects\Doadandzikir\.gradle\buildOutputCleanup)" [_thread_blocked, id=9016, stack(0x000000e99f400000,0x000000e99f500000)]
  0x000002d4423ff800 JavaThread "Build operations" [_thread_blocked, id=12884, stack(0x000000e99f500000,0x000000e99f600000)]
  0x000002d442401000 JavaThread "Build operations Thread 2" [_thread_blocked, id=7228, stack(0x000000e99f600000,0x000000e99f700000)]
  0x000002d442402000 JavaThread "Build operations Thread 3" [_thread_blocked, id=11124, stack(0x000000e99f700000,0x000000e99f800000)]
  0x000002d4423fe800 JavaThread "Build operations Thread 4" [_thread_blocked, id=10124, stack(0x000000e99f800000,0x000000e99f900000)]
  0x000002d442402800 JavaThread "Build operations Thread 5" [_thread_blocked, id=1816, stack(0x000000e99f900000,0x000000e99fa00000)]
  0x000002d442404800 JavaThread "Build operations Thread 6" [_thread_blocked, id=2924, stack(0x000000e99fa00000,0x000000e99fb00000)]
  0x000002d442406000 JavaThread "Build operations Thread 7" [_thread_blocked, id=13076, stack(0x000000e99fb00000,0x000000e99fc00000)]
  0x000002d442403800 JavaThread "Build operations Thread 8" [_thread_blocked, id=3484, stack(0x000000e99fc00000,0x000000e99fd00000)]
  0x000002d442405000 JavaThread "jar transforms Thread 4" [_thread_blocked, id=10132, stack(0x000000e99fd00000,0x000000e99fe00000)]
  0x000002d442570000 JavaThread "jar transforms Thread 5" [_thread_blocked, id=6932, stack(0x000000e99fe00000,0x000000e99ff00000)]
  0x000002d442571000 JavaThread "jar transforms Thread 6" [_thread_blocked, id=10912, stack(0x000000e99ff00000,0x000000e9a0000000)]
  0x000002d44256c000 JavaThread "jar transforms Thread 7" [_thread_blocked, id=8488, stack(0x000000e9a0000000,0x000000e9a0100000)]
  0x000002d44256c800 JavaThread "jar transforms Thread 8" [_thread_blocked, id=7692, stack(0x000000e9a0100000,0x000000e9a0200000)]
  0x000002d44256b000 JavaThread "Memory manager" [_thread_blocked, id=2200, stack(0x000000e9a0200000,0x000000e9a0300000)]
  0x000002d44256d800 JavaThread "build event listener" [_thread_blocked, id=3600, stack(0x000000e9a0300000,0x000000e9a0400000)]
  0x000002d442573800 JavaThread "pool-3-thread-1" [_thread_blocked, id=788, stack(0x000000e9a0400000,0x000000e9a0500000)]
  0x000002d442571800 JavaThread "build event listener" [_thread_blocked, id=9920, stack(0x000000e9a0500000,0x000000e9a0600000)]
  0x000002d442574000 JavaThread "Execution worker for ':'" [_thread_blocked, id=2756, stack(0x000000e9a0600000,0x000000e9a0700000)]
  0x000002d44256e800 JavaThread "Execution worker for ':' Thread 2" [_thread_blocked, id=9308, stack(0x000000e9a0700000,0x000000e9a0800000)]
  0x000002d442575000 JavaThread "Execution worker for ':' Thread 3" [_thread_blocked, id=10796, stack(0x000000e9a0800000,0x000000e9a0900000)]
  0x000002d44256f000 JavaThread "Execution worker for ':' Thread 4" [_thread_blocked, id=9404, stack(0x000000e9a0900000,0x000000e9a0a00000)]
  0x000002d442575800 JavaThread "Execution worker for ':' Thread 5" [_thread_blocked, id=6380, stack(0x000000e9a0a00000,0x000000e9a0b00000)]
  0x000002d44257a000 JavaThread "Execution worker for ':' Thread 6" [_thread_blocked, id=2396, stack(0x000000e9a0b00000,0x000000e9a0c00000)]
  0x000002d442577800 JavaThread "Execution worker for ':' Thread 7" [_thread_blocked, id=12132, stack(0x000000e9a0c00000,0x000000e9a0d00000)]
  0x000002d442576800 JavaThread "Cache worker for execution history cache (D:\AndroidStudioProjects\Doadandzikir\.gradle\7.0.2\executionHistory)" [_thread_blocked, id=12900, stack(0x000000e9a0d00000,0x000000e9a0e00000)]
  0x000002d442578000 JavaThread "WorkerExecutor Queue" [_thread_blocked, id=11200, stack(0x000000e9a0e00000,0x000000e9a0f00000)]

Other Threads:
=>0x000002d43d718800 VMThread "VM Thread" [stack: 0x000000e99c800000,0x000000e99c900000] [id=2308]
  0x000002d43e238000 WatcherThread [stack: 0x000000e99d200000,0x000000e99d300000] [id=11644]
  0x000002d4232e8000 GCTaskThread "GC Thread#0" [stack: 0x000000e99c300000,0x000000e99c400000] [id=2212]
  0x000002d43e4e4800 GCTaskThread "GC Thread#1" [stack: 0x000000e99d300000,0x000000e99d400000] [id=7384]
  0x000002d440133800 GCTaskThread "GC Thread#2" [stack: 0x000000e99de00000,0x000000e99df00000] [id=12740]
  0x000002d43fac8800 GCTaskThread "GC Thread#3" [stack: 0x000000e99df00000,0x000000e99e000000] [id=6156]
  0x000002d43f1db000 GCTaskThread "GC Thread#4" [stack: 0x000000e99e000000,0x000000e99e100000] [id=13240]
  0x000002d43f1db800 GCTaskThread "GC Thread#5" [stack: 0x000000e99e100000,0x000000e99e200000] [id=11948]
  0x000002d43f1dc800 GCTaskThread "GC Thread#6" [stack: 0x000000e99e200000,0x000000e99e300000] [id=12012]
  0x000002d43f1dd000 GCTaskThread "GC Thread#7" [stack: 0x000000e99e300000,0x000000e99e400000] [id=13104]
  0x000002d42331d800 ConcurrentGCThread "G1 Main Marker" [stack: 0x000000e99c400000,0x000000e99c500000] [id=6960]
  0x000002d42331e800 ConcurrentGCThread "G1 Conc#0" [stack: 0x000000e99c500000,0x000000e99c600000] [id=7492]
  0x000002d43eb27000 ConcurrentGCThread "G1 Conc#1" [stack: 0x000000e99e600000,0x000000e99e700000] [id=1416]
  0x000002d4233a6800 ConcurrentGCThread "G1 Refine#0" [stack: 0x000000e99c600000,0x000000e99c700000] [id=8428]
  0x000002d4233a7800 ConcurrentGCThread "G1 Young RemSet Sampling" [stack: 0x000000e99c700000,0x000000e99c800000] [id=8400]

Threads with active compile tasks:
C2 CompilerThread0  22440 10912 %     4       com.android.tools.r8.internal.T6::a @ 3033 (6044 bytes)
C1 CompilerThread0  22440 12286       2       com.android.tools.r8.internal.E7::p (1053 bytes)

VM state:at safepoint (normal execution)

VM Mutex/Monitor currently owned by a thread:  ([mutex/lock_event])
[0x000002d4232cc6f0] Threads_lock - owner thread: 0x000002d43d718800
[0x000002d4232cd2c0] Heap_lock - owner thread: 0x000002d442403800

Heap address: 0x0000000080000000, size: 2048 MB, Compressed Oops mode: 32-bit
Narrow klass base: 0x0000000000000000, Narrow klass shift: 3
Compressed class space size: 1073741824 Address: 0x0000000100000000

Heap:
 garbage-first heap   total 248832K, used 124216K [0x0000000080000000, 0x0000000100000000)
  region size 1024K, 3 young (3072K), 3 survivors (3072K)
 Metaspace       used 102212K, capacity 104841K, committed 105292K, reserved 1140736K
  class space    used 13345K, capacity 14337K, committed 14464K, reserved 1048576K
Heap Regions: E=young(eden), S=young(survivor), O=old, HS=humongous(starts), HC=humongous(continues), CS=collection set, F=free, A=archive, TAMS=top-at-mark-start (previous, next)
|   0|0x0000000080000000, 0x0000000080100000, 0x0000000080100000|100%| O|  |TAMS 0x0000000080100000, 0x0000000080000000| Updating 
|   1|0x0000000080100000, 0x0000000080200000, 0x0000000080200000|100%| O|  |TAMS 0x0000000080200000, 0x0000000080100000| Updating 
|   2|0x0000000080200000, 0x0000000080300000, 0x0000000080300000|100%| O|  |TAMS 0x0000000080300000, 0x0000000080200000| Updating 
|   3|0x0000000080300000, 0x0000000080400000, 0x0000000080400000|100%|HS|  |TAMS 0x0000000080400000, 0x0000000080300000| Complete 
|   4|0x0000000080400000, 0x0000000080500000, 0x0000000080500000|100%|HC|  |TAMS 0x0000000080500000, 0x0000000080400000| Complete 
|   5|0x0000000080500000, 0x0000000080600000, 0x0000000080600000|100%|HC|  |TAMS 0x0000000080600000, 0x0000000080500000| Complete 
|   6|0x0000000080600000, 0x0000000080700000, 0x0000000080700000|100%| O|  |TAMS 0x0000000080700000, 0x0000000080600000| Updating 
|   7|0x0000000080700000, 0x0000000080800000, 0x0000000080800000|100%| O|  |TAMS 0x0000000080800000, 0x0000000080700000| Updating 
|   8|0x0000000080800000, 0x0000000080900000, 0x0000000080900000|100%| O|  |TAMS 0x0000000080900000, 0x0000000080800000| Updating 
|   9|0x0000000080900000, 0x0000000080a00000, 0x0000000080a00000|100%| O|  |TAMS 0x0000000080a00000, 0x0000000080900000| Updating 
|  10|0x0000000080a00000, 0x0000000080b00000, 0x0000000080b00000|100%| O|  |TAMS 0x0000000080b00000, 0x0000000080a00000| Updating 
|  11|0x0000000080b00000, 0x0000000080c00000, 0x0000000080c00000|100%| O|  |TAMS 0x0000000080c00000, 0x0000000080b00000| Updating 
|  12|0x0000000080c00000, 0x0000000080d00000, 0x0000000080d00000|100%| O|  |TAMS 0x0000000080d00000, 0x0000000080c00000| Updating 
|  13|0x0000000080d00000, 0x0000000080e00000, 0x0000000080e00000|100%| O|  |TAMS 0x0000000080e00000, 0x0000000080d00000| Updating 
|  14|0x0000000080e00000, 0x0000000080f00000, 0x0000000080f00000|100%| O|  |TAMS 0x0000000080f00000, 0x0000000080e00000| Updating 
|  15|0x0000000080f00000, 0x0000000081000000, 0x0000000081000000|100%| O|  |TAMS 0x0000000081000000, 0x0000000080f00000| Updating 
|  16|0x0000000081000000, 0x0000000081100000, 0x0000000081100000|100%| O|  |TAMS 0x0000000081100000, 0x0000000081000000| Updating 
|  17|0x0000000081100000, 0x0000000081200000, 0x0000000081200000|100%| O|  |TAMS 0x0000000081200000, 0x0000000081100000| Updating 
|  18|0x0000000081200000, 0x0000000081300000, 0x0000000081300000|100%| O|  |TAMS 0x0000000081300000, 0x0000000081200000| Updating 
|  19|0x0000000081300000, 0x0000000081400000, 0x0000000081400000|100%| O|  |TAMS 0x0000000081400000, 0x0000000081300000| Updating 
|  20|0x0000000081400000, 0x0000000081500000, 0x0000000081500000|100%| O|  |TAMS 0x0000000081500000, 0x0000000081400000| Updating 
|  21|0x0000000081500000, 0x0000000081600000, 0x0000000081600000|100%| O|  |TAMS 0x0000000081600000, 0x0000000081500000| Updating 
|  22|0x0000000081600000, 0x0000000081700000, 0x0000000081700000|100%| O|  |TAMS 0x0000000081700000, 0x0000000081600000| Updating 
|  23|0x0000000081700000, 0x0000000081800000, 0x0000000081800000|100%| O|  |TAMS 0x0000000081800000, 0x0000000081700000| Updating 
|  24|0x0000000081800000, 0x0000000081900000, 0x0000000081900000|100%| O|  |TAMS 0x0000000081900000, 0x0000000081800000| Updating 
|  25|0x0000000081900000, 0x0000000081a00000, 0x0000000081a00000|100%| O|  |TAMS 0x0000000081a00000, 0x0000000081900000| Updating 
|  26|0x0000000081a00000, 0x0000000081b00000, 0x0000000081b00000|100%|HS|  |TAMS 0x0000000081b00000, 0x0000000081a00000| Complete 
|  27|0x0000000081b00000, 0x0000000081c00000, 0x0000000081c00000|100%|HS|  |TAMS 0x0000000081c00000, 0x0000000081b00000| Complete 
|  28|0x0000000081c00000, 0x0000000081d00000, 0x0000000081d00000|100%|HS|  |TAMS 0x0000000081d00000, 0x0000000081c00000| Complete 
|  29|0x0000000081d00000, 0x0000000081e00000, 0x0000000081e00000|100%|HS|  |TAMS 0x0000000081e00000, 0x0000000081d00000| Complete 
|  30|0x0000000081e00000, 0x0000000081f00000, 0x0000000081f00000|100%|HC|  |TAMS 0x0000000081f00000, 0x0000000081e00000| Complete 
|  31|0x0000000081f00000, 0x0000000082000000, 0x0000000082000000|100%|HC|  |TAMS 0x0000000082000000, 0x0000000081f00000| Complete 
|  32|0x0000000082000000, 0x0000000082100000, 0x0000000082100000|100%|HS|  |TAMS 0x0000000082100000, 0x0000000082000000| Complete 
|  33|0x0000000082100000, 0x0000000082200000, 0x0000000082200000|100%|HC|  |TAMS 0x0000000082200000, 0x0000000082100000| Complete 
|  34|0x0000000082200000, 0x0000000082300000, 0x0000000082300000|100%| O|  |TAMS 0x0000000082300000, 0x0000000082200000| Updating 
|  35|0x0000000082300000, 0x0000000082400000, 0x0000000082400000|100%| O|  |TAMS 0x0000000082400000, 0x0000000082300000| Updating 
|  36|0x0000000082400000, 0x0000000082500000, 0x0000000082500000|100%| O|  |TAMS 0x0000000082500000, 0x0000000082400000| Updating 
|  37|0x0000000082500000, 0x0000000082600000, 0x0000000082600000|100%| O|  |TAMS 0x0000000082600000, 0x0000000082500000| Updating 
|  38|0x0000000082600000, 0x0000000082700000, 0x0000000082700000|100%| O|  |TAMS 0x0000000082700000, 0x0000000082600000| Updating 
|  39|0x0000000082700000, 0x0000000082800000, 0x0000000082800000|100%| O|  |TAMS 0x0000000082800000, 0x0000000082700000| Updating 
|  40|0x0000000082800000, 0x0000000082900000, 0x0000000082900000|100%| O|  |TAMS 0x0000000082900000, 0x0000000082800000| Updating 
|  41|0x0000000082900000, 0x0000000082a00000, 0x0000000082a00000|100%| O|  |TAMS 0x0000000082a00000, 0x0000000082900000| Updating 
|  42|0x0000000082a00000, 0x0000000082b00000, 0x0000000082b00000|100%| O|  |TAMS 0x0000000082b00000, 0x0000000082a00000| Updating 
|  43|0x0000000082b00000, 0x0000000082c00000, 0x0000000082c00000|100%| O|  |TAMS 0x0000000082c00000, 0x0000000082b00000| Updating 
|  44|0x0000000082c00000, 0x0000000082d00000, 0x0000000082d00000|100%| O|  |TAMS 0x0000000082d00000, 0x0000000082c00000| Updating 
|  45|0x0000000082d00000, 0x0000000082e00000, 0x0000000082e00000|100%| O|  |TAMS 0x0000000082e00000, 0x0000000082d00000| Updating 
|  46|0x0000000082e00000, 0x0000000082f00000, 0x0000000082f00000|100%| O|  |TAMS 0x0000000082f00000, 0x0000000082e00000| Updating 
|  47|0x0000000082f00000, 0x0000000083000000, 0x0000000083000000|100%| O|  |TAMS 0x0000000083000000, 0x0000000082f00000| Updating 
|  48|0x0000000083000000, 0x0000000083100000, 0x0000000083100000|100%| O|  |TAMS 0x0000000083100000, 0x0000000083000000| Updating 
|  49|0x0000000083100000, 0x0000000083200000, 0x0000000083200000|100%| O|  |TAMS 0x0000000083200000, 0x0000000083100000| Updating 
|  50|0x0000000083200000, 0x0000000083300000, 0x0000000083300000|100%| O|  |TAMS 0x0000000083300000, 0x0000000083200000| Updating 
|  51|0x0000000083300000, 0x0000000083400000, 0x0000000083400000|100%| O|  |TAMS 0x0000000083400000, 0x0000000083300000| Updating 
|  52|0x0000000083400000, 0x0000000083500000, 0x0000000083500000|100%| O|  |TAMS 0x0000000083500000, 0x0000000083400000| Updating 
|  53|0x0000000083500000, 0x0000000083600000, 0x0000000083600000|100%| O|  |TAMS 0x0000000083600000, 0x0000000083500000| Updating 
|  54|0x0000000083600000, 0x0000000083700000, 0x0000000083700000|100%| O|  |TAMS 0x0000000083700000, 0x0000000083600000| Updating 
|  55|0x0000000083700000, 0x0000000083800000, 0x0000000083800000|100%| O|  |TAMS 0x0000000083800000, 0x0000000083700000| Updating 
|  56|0x0000000083800000, 0x0000000083900000, 0x0000000083900000|100%| O|  |TAMS 0x0000000083900000, 0x0000000083800000| Updating 
|  57|0x0000000083900000, 0x0000000083a00000, 0x0000000083a00000|100%| O|  |TAMS 0x0000000083a00000, 0x0000000083900000| Updating 
|  58|0x0000000083a00000, 0x0000000083b00000, 0x0000000083b00000|100%| O|  |TAMS 0x0000000083b00000, 0x0000000083a00000| Updating 
|  59|0x0000000083b00000, 0x0000000083c00000, 0x0000000083c00000|100%| O|  |TAMS 0x0000000083c00000, 0x0000000083b00000| Updating 
|  60|0x0000000083c00000, 0x0000000083d00000, 0x0000000083d00000|100%| O|  |TAMS 0x0000000083d00000, 0x0000000083c00000| Updating 
|  61|0x0000000083d00000, 0x0000000083e00000, 0x0000000083e00000|100%| O|  |TAMS 0x0000000083e00000, 0x0000000083d00000| Updating 
|  62|0x0000000083e00000, 0x0000000083f00000, 0x0000000083f00000|100%| O|  |TAMS 0x0000000083f00000, 0x0000000083e00000| Updating 
|  63|0x0000000083f00000, 0x0000000084000000, 0x0000000084000000|100%| O|  |TAMS 0x0000000084000000, 0x0000000083f00000| Updating 
|  64|0x0000000084000000, 0x0000000084100000, 0x0000000084100000|100%| O|  |TAMS 0x0000000084100000, 0x0000000084000000| Updating 
|  65|0x0000000084100000, 0x0000000084200000, 0x0000000084200000|100%| O|  |TAMS 0x0000000084200000, 0x0000000084100000| Updating 
|  66|0x0000000084200000, 0x0000000084300000, 0x0000000084300000|100%| O|  |TAMS 0x0000000084300000, 0x0000000084200000| Updating 
|  67|0x0000000084300000, 0x0000000084400000, 0x0000000084400000|100%| O|  |TAMS 0x0000000084400000, 0x0000000084300000| Updating 
|  68|0x0000000084400000, 0x0000000084500000, 0x0000000084500000|100%| O|  |TAMS 0x0000000084500000, 0x0000000084400000| Updating 
|  69|0x0000000084500000, 0x0000000084600000, 0x0000000084600000|100%| O|  |TAMS 0x0000000084600000, 0x0000000084500000| Updating 
|  70|0x0000000084600000, 0x0000000084700000, 0x0000000084700000|100%| O|  |TAMS 0x0000000084700000, 0x0000000084600000| Updating 
|  71|0x0000000084700000, 0x0000000084800000, 0x0000000084800000|100%| O|  |TAMS 0x0000000084800000, 0x0000000084700000| Updating 
|  72|0x0000000084800000, 0x0000000084900000, 0x0000000084900000|100%| O|  |TAMS 0x0000000084900000, 0x0000000084800000| Updating 
|  73|0x0000000084900000, 0x0000000084a00000, 0x0000000084a00000|100%| O|  |TAMS 0x0000000084a00000, 0x0000000084900000| Updating 
|  74|0x0000000084a00000, 0x0000000084b00000, 0x0000000084b00000|100%| O|  |TAMS 0x0000000084b00000, 0x0000000084a00000| Updating 
|  75|0x0000000084b00000, 0x0000000084c00000, 0x0000000084c00000|100%| O|  |TAMS 0x0000000084c00000, 0x0000000084b00000| Updating 
|  76|0x0000000084c00000, 0x0000000084d00000, 0x0000000084d00000|100%| O|  |TAMS 0x0000000084d00000, 0x0000000084c00000| Updating 
|  77|0x0000000084d00000, 0x0000000084e00000, 0x0000000084e00000|100%| O|  |TAMS 0x0000000084e00000, 0x0000000084d00000| Updating 
|  78|0x0000000084e00000, 0x0000000084f00000, 0x0000000084f00000|100%| O|  |TAMS 0x0000000084f00000, 0x0000000084e00000| Updating 
|  79|0x0000000084f00000, 0x0000000085000000, 0x0000000085000000|100%| O|  |TAMS 0x0000000085000000, 0x0000000084f00000| Updating 
|  80|0x0000000085000000, 0x0000000085100000, 0x0000000085100000|100%| O|  |TAMS 0x0000000085100000, 0x0000000085000000| Updating 
|  81|0x0000000085100000, 0x0000000085200000, 0x0000000085200000|100%| O|  |TAMS 0x0000000085200000, 0x0000000085100000| Updating 
|  82|0x0000000085200000, 0x0000000085300000, 0x0000000085300000|100%| O|  |TAMS 0x0000000085300000, 0x0000000085200000| Updating 
|  83|0x0000000085300000, 0x0000000085400000, 0x0000000085400000|100%| O|  |TAMS 0x0000000085400000, 0x0000000085300000| Updating 
|  84|0x0000000085400000, 0x0000000085500000, 0x0000000085500000|100%| O|  |TAMS 0x0000000085500000, 0x0000000085400000| Updating 
|  85|0x0000000085500000, 0x0000000085600000, 0x0000000085600000|100%| O|  |TAMS 0x0000000085600000, 0x0000000085500000| Updating 
|  86|0x0000000085600000, 0x0000000085700000, 0x0000000085700000|100%| O|  |TAMS 0x0000000085700000, 0x0000000085600000| Updating 
|  87|0x0000000085700000, 0x0000000085800000, 0x0000000085800000|100%| O|  |TAMS 0x0000000085800000, 0x0000000085700000| Updating 
|  88|0x0000000085800000, 0x0000000085900000, 0x0000000085900000|100%| O|  |TAMS 0x0000000085900000, 0x0000000085800000| Updating 
|  89|0x0000000085900000, 0x0000000085a00000, 0x0000000085a00000|100%| O|  |TAMS 0x0000000085a00000, 0x0000000085900000| Updating 
|  90|0x0000000085a00000, 0x0000000085b00000, 0x0000000085b00000|100%| O|  |TAMS 0x0000000085b00000, 0x0000000085a00000| Updating 
|  91|0x0000000085b00000, 0x0000000085c00000, 0x0000000085c00000|100%| O|  |TAMS 0x0000000085c00000, 0x0000000085b00000| Updating 
|  92|0x0000000085c00000, 0x0000000085d00000, 0x0000000085d00000|100%| O|  |TAMS 0x0000000085d00000, 0x0000000085c00000| Updating 
|  93|0x0000000085d00000, 0x0000000085e00000, 0x0000000085e00000|100%| O|  |TAMS 0x0000000085e00000, 0x0000000085d00000| Updating 
|  94|0x0000000085e00000, 0x0000000085f00000, 0x0000000085f00000|100%| O|  |TAMS 0x0000000085f00000, 0x0000000085e00000| Updating 
|  95|0x0000000085f00000, 0x0000000086000000, 0x0000000086000000|100%| O|  |TAMS 0x0000000086000000, 0x0000000085f00000| Updating 
|  96|0x0000000086000000, 0x0000000086100000, 0x0000000086100000|100%| O|  |TAMS 0x0000000086100000, 0x0000000086000000| Updating 
|  97|0x0000000086100000, 0x0000000086200000, 0x0000000086200000|100%| O|  |TAMS 0x0000000086200000, 0x0000000086100000| Updating 
|  98|0x0000000086200000, 0x0000000086300000, 0x0000000086300000|100%| O|  |TAMS 0x0000000086300000, 0x0000000086200000| Updating 
|  99|0x0000000086300000, 0x0000000086400000, 0x0000000086400000|100%| O|  |TAMS 0x0000000086400000, 0x0000000086300000| Updating 
| 100|0x0000000086400000, 0x0000000086500000, 0x0000000086500000|100%| O|  |TAMS 0x0000000086500000, 0x0000000086400000| Updating 
| 101|0x0000000086500000, 0x0000000086600000, 0x0000000086600000|100%| O|  |TAMS 0x0000000086600000, 0x0000000086500000| Updating 
| 102|0x0000000086600000, 0x0000000086700000, 0x0000000086700000|100%| O|  |TAMS 0x0000000086700000, 0x0000000086600000| Updating 
| 103|0x0000000086700000, 0x0000000086800000, 0x0000000086800000|100%| O|  |TAMS 0x0000000086800000, 0x0000000086700000| Updating 
| 104|0x0000000086800000, 0x0000000086900000, 0x0000000086900000|100%| O|  |TAMS 0x0000000086900000, 0x0000000086800000| Updating 
| 105|0x0000000086900000, 0x0000000086a00000, 0x0000000086a00000|100%| O|  |TAMS 0x0000000086a00000, 0x0000000086900000| Updating 
| 106|0x0000000086a00000, 0x0000000086b00000, 0x0000000086b00000|100%| O|  |TAMS 0x0000000086b00000, 0x0000000086a00000| Updating 
| 107|0x0000000086b00000, 0x0000000086c00000, 0x0000000086c00000|100%| O|  |TAMS 0x0000000086c00000, 0x0000000086b00000| Updating 
| 108|0x0000000086c00000, 0x0000000086d00000, 0x0000000086d00000|100%| O|  |TAMS 0x0000000086d00000, 0x0000000086c00000| Updating 
| 109|0x0000000086d00000, 0x0000000086e00000, 0x0000000086e00000|100%| O|  |TAMS 0x0000000086e00000, 0x0000000086d00000| Updating 
| 110|0x0000000086e00000, 0x0000000086f00000, 0x0000000086f00000|100%| O|  |TAMS 0x0000000086f00000, 0x0000000086e00000| Updating 
| 111|0x0000000086f00000, 0x0000000087000000, 0x0000000087000000|100%| O|  |TAMS 0x0000000087000000, 0x0000000086f00000| Updating 
| 112|0x0000000087000000, 0x0000000087100000, 0x0000000087100000|100%| O|  |TAMS 0x0000000087100000, 0x0000000087000000| Updating 
| 113|0x0000000087100000, 0x0000000087200000, 0x0000000087200000|100%| O|  |TAMS 0x0000000087200000, 0x0000000087100000| Updating 
| 114|0x0000000087200000, 0x0000000087300000, 0x0000000087300000|100%| O|  |TAMS 0x0000000087300000, 0x0000000087200000| Updating 
| 115|0x0000000087300000, 0x0000000087400000, 0x0000000087400000|100%| O|  |TAMS 0x0000000087400000, 0x0000000087300000| Updating 
| 116|0x0000000087400000, 0x0000000087500000, 0x0000000087500000|100%| O|  |TAMS 0x0000000087500000, 0x0000000087400000| Updating 
| 117|0x0000000087500000, 0x0000000087600000, 0x0000000087600000|100%| O|  |TAMS 0x0000000087600000, 0x0000000087500000| Updating 
| 118|0x0000000087600000, 0x0000000087700000, 0x0000000087700000|100%| O|  |TAMS 0x0000000087700000, 0x0000000087600000| Updating 
| 119|0x0000000087700000, 0x0000000087700000, 0x0000000087800000|  0%| F|  |TAMS 0x0000000087700000, 0x0000000087700000| Untracked 
| 120|0x0000000087800000, 0x0000000087800000, 0x0000000087900000|  0%| F|  |TAMS 0x0000000087800000, 0x0000000087800000| Untracked 
| 121|0x0000000087900000, 0x0000000087900000, 0x0000000087a00000|  0%| F|  |TAMS 0x0000000087900000, 0x0000000087900000| Untracked 
| 122|0x0000000087a00000, 0x0000000087a00000, 0x0000000087b00000|  0%| F|  |TAMS 0x0000000087a00000, 0x0000000087a00000| Untracked 
| 123|0x0000000087b00000, 0x0000000087b00000, 0x0000000087c00000|  0%| F|  |TAMS 0x0000000087b00000, 0x0000000087b00000| Untracked 
| 124|0x0000000087c00000, 0x0000000087c00000, 0x0000000087d00000|  0%| F|  |TAMS 0x0000000087c00000, 0x0000000087c00000| Untracked 
| 125|0x0000000087d00000, 0x0000000087d00000, 0x0000000087e00000|  0%| F|  |TAMS 0x0000000087d00000, 0x0000000087d00000| Untracked 
| 126|0x0000000087e00000, 0x0000000087e00000, 0x0000000087f00000|  0%| F|  |TAMS 0x0000000087e00000, 0x0000000087e00000| Untracked 
| 127|0x0000000087f00000, 0x0000000087f00000, 0x0000000088000000|  0%| F|  |TAMS 0x0000000087f00000, 0x0000000087f00000| Untracked 
| 128|0x0000000088000000, 0x0000000088000000, 0x0000000088100000|  0%| F|  |TAMS 0x0000000088000000, 0x0000000088000000| Untracked 
| 129|0x0000000088100000, 0x0000000088100000, 0x0000000088200000|  0%| F|  |TAMS 0x0000000088100000, 0x0000000088100000| Untracked 
| 130|0x0000000088200000, 0x0000000088200000, 0x0000000088300000|  0%| F|  |TAMS 0x0000000088200000, 0x0000000088200000| Untracked 
| 131|0x0000000088300000, 0x0000000088300000, 0x0000000088400000|  0%| F|  |TAMS 0x0000000088300000, 0x0000000088300000| Untracked 
| 132|0x0000000088400000, 0x0000000088400000, 0x0000000088500000|  0%| F|  |TAMS 0x0000000088400000, 0x0000000088400000| Untracked 
| 133|0x0000000088500000, 0x0000000088500000, 0x0000000088600000|  0%| F|  |TAMS 0x0000000088500000, 0x0000000088500000| Untracked 
| 134|0x0000000088600000, 0x0000000088600000, 0x0000000088700000|  0%| F|  |TAMS 0x0000000088600000, 0x0000000088600000| Untracked 
| 135|0x0000000088700000, 0x0000000088700000, 0x0000000088800000|  0%| F|  |TAMS 0x0000000088700000, 0x0000000088700000| Untracked 
| 136|0x0000000088800000, 0x0000000088800000, 0x0000000088900000|  0%| F|  |TAMS 0x0000000088800000, 0x0000000088800000| Untracked 
| 137|0x0000000088900000, 0x0000000088900000, 0x0000000088a00000|  0%| F|  |TAMS 0x0000000088900000, 0x0000000088900000| Untracked 
| 138|0x0000000088a00000, 0x0000000088a00000, 0x0000000088b00000|  0%| F|  |TAMS 0x0000000088a00000, 0x0000000088a00000| Untracked 
| 139|0x0000000088b00000, 0x0000000088b00000, 0x0000000088c00000|  0%| F|  |TAMS 0x0000000088b00000, 0x0000000088b00000| Untracked 
| 140|0x0000000088c00000, 0x0000000088c00000, 0x0000000088d00000|  0%| F|  |TAMS 0x0000000088c00000, 0x0000000088c00000| Untracked 
| 141|0x0000000088d00000, 0x0000000088d00000, 0x0000000088e00000|  0%| F|  |TAMS 0x0000000088d00000, 0x0000000088d00000| Untracked 
| 142|0x0000000088e00000, 0x0000000088e00000, 0x0000000088f00000|  0%| F|  |TAMS 0x0000000088e00000, 0x0000000088e00000| Untracked 
| 143|0x0000000088f00000, 0x0000000088f00000, 0x0000000089000000|  0%| F|  |TAMS 0x0000000088f00000, 0x0000000088f00000| Untracked 
| 144|0x0000000089000000, 0x0000000089000000, 0x0000000089100000|  0%| F|  |TAMS 0x0000000089000000, 0x0000000089000000| Untracked 
| 145|0x0000000089100000, 0x0000000089100000, 0x0000000089200000|  0%| F|  |TAMS 0x0000000089100000, 0x0000000089100000| Untracked 
| 146|0x0000000089200000, 0x0000000089200000, 0x0000000089300000|  0%| F|  |TAMS 0x0000000089200000, 0x0000000089200000| Untracked 
| 147|0x0000000089300000, 0x0000000089300000, 0x0000000089400000|  0%| F|  |TAMS 0x0000000089300000, 0x0000000089300000| Untracked 
| 148|0x0000000089400000, 0x0000000089400000, 0x0000000089500000|  0%| F|  |TAMS 0x0000000089400000, 0x0000000089400000| Untracked 
| 149|0x0000000089500000, 0x0000000089500000, 0x0000000089600000|  0%| F|  |TAMS 0x0000000089500000, 0x0000000089500000| Untracked 
| 150|0x0000000089600000, 0x0000000089600000, 0x0000000089700000|  0%| F|  |TAMS 0x0000000089600000, 0x0000000089600000| Untracked 
| 151|0x0000000089700000, 0x0000000089700000, 0x0000000089800000|  0%| F|  |TAMS 0x0000000089700000, 0x0000000089700000| Untracked 
| 152|0x0000000089800000, 0x0000000089800000, 0x0000000089900000|  0%| F|  |TAMS 0x0000000089800000, 0x0000000089800000| Untracked 
| 153|0x0000000089900000, 0x0000000089900000, 0x0000000089a00000|  0%| F|  |TAMS 0x0000000089900000, 0x0000000089900000| Untracked 
| 154|0x0000000089a00000, 0x0000000089a00000, 0x0000000089b00000|  0%| F|  |TAMS 0x0000000089a00000, 0x0000000089a00000| Untracked 
| 155|0x0000000089b00000, 0x0000000089b4e150, 0x0000000089c00000| 30%| S|CS|TAMS 0x0000000089b00000, 0x0000000089b00000| Complete 
| 156|0x0000000089c00000, 0x0000000089d00000, 0x0000000089d00000|100%| S|CS|TAMS 0x0000000089c00000, 0x0000000089c00000| Complete 
| 157|0x0000000089d00000, 0x0000000089e00000, 0x0000000089e00000|100%| S|CS|TAMS 0x0000000089d00000, 0x0000000089d00000| Complete 
| 158|0x0000000089e00000, 0x0000000089e00000, 0x0000000089f00000|  0%| F|  |TAMS 0x0000000089e00000, 0x0000000089e00000| Untracked 
| 159|0x0000000089f00000, 0x0000000089f00000, 0x000000008a000000|  0%| F|  |TAMS 0x0000000089f00000, 0x0000000089f00000| Untracked 
| 160|0x000000008a000000, 0x000000008a000000, 0x000000008a100000|  0%| F|  |TAMS 0x000000008a000000, 0x000000008a000000| Untracked 
| 161|0x000000008a100000, 0x000000008a100000, 0x000000008a200000|  0%| F|  |TAMS 0x000000008a100000, 0x000000008a100000| Untracked 
| 162|0x000000008a200000, 0x000000008a200000, 0x000000008a300000|  0%| F|  |TAMS 0x000000008a200000, 0x000000008a200000| Untracked 
| 163|0x000000008a300000, 0x000000008a300000, 0x000000008a400000|  0%| F|  |TAMS 0x000000008a300000, 0x000000008a300000| Untracked 
| 164|0x000000008a400000, 0x000000008a400000, 0x000000008a500000|  0%| F|  |TAMS 0x000000008a400000, 0x000000008a400000| Untracked 
| 165|0x000000008a500000, 0x000000008a500000, 0x000000008a600000|  0%| F|  |TAMS 0x000000008a500000, 0x000000008a500000| Untracked 
| 166|0x000000008a600000, 0x000000008a600000, 0x000000008a700000|  0%| F|  |TAMS 0x000000008a600000, 0x000000008a600000| Untracked 
| 167|0x000000008a700000, 0x000000008a700000, 0x000000008a800000|  0%| F|  |TAMS 0x000000008a700000, 0x000000008a700000| Untracked 
| 168|0x000000008a800000, 0x000000008a800000, 0x000000008a900000|  0%| F|  |TAMS 0x000000008a800000, 0x000000008a800000| Untracked 
| 169|0x000000008a900000, 0x000000008a900000, 0x000000008aa00000|  0%| F|  |TAMS 0x000000008a900000, 0x000000008a900000| Untracked 
| 170|0x000000008aa00000, 0x000000008aa00000, 0x000000008ab00000|  0%| F|  |TAMS 0x000000008aa00000, 0x000000008aa00000| Untracked 
| 171|0x000000008ab00000, 0x000000008ab00000, 0x000000008ac00000|  0%| F|  |TAMS 0x000000008ab00000, 0x000000008ab00000| Untracked 
| 172|0x000000008ac00000, 0x000000008ac00000, 0x000000008ad00000|  0%| F|  |TAMS 0x000000008ac00000, 0x000000008ac00000| Untracked 
| 173|0x000000008ad00000, 0x000000008ad00000, 0x000000008ae00000|  0%| F|  |TAMS 0x000000008ad00000, 0x000000008ad00000| Untracked 
| 174|0x000000008ae00000, 0x000000008ae00000, 0x000000008af00000|  0%| F|  |TAMS 0x000000008ae00000, 0x000000008ae00000| Untracked 
| 175|0x000000008af00000, 0x000000008af00000, 0x000000008b000000|  0%| F|  |TAMS 0x000000008af00000, 0x000000008af00000| Untracked 
| 176|0x000000008b000000, 0x000000008b000000, 0x000000008b100000|  0%| F|  |TAMS 0x000000008b000000, 0x000000008b000000| Untracked 
| 177|0x000000008b100000, 0x000000008b100000, 0x000000008b200000|  0%| F|  |TAMS 0x000000008b100000, 0x000000008b100000| Untracked 
| 178|0x000000008b200000, 0x000000008b200000, 0x000000008b300000|  0%| F|  |TAMS 0x000000008b200000, 0x000000008b200000| Untracked 
| 179|0x000000008b300000, 0x000000008b300000, 0x000000008b400000|  0%| F|  |TAMS 0x000000008b300000, 0x000000008b300000| Untracked 
| 180|0x000000008b400000, 0x000000008b400000, 0x000000008b500000|  0%| F|  |TAMS 0x000000008b400000, 0x000000008b400000| Untracked 
| 181|0x000000008b500000, 0x000000008b500000, 0x000000008b600000|  0%| F|  |TAMS 0x000000008b500000, 0x000000008b500000| Untracked 
| 182|0x000000008b600000, 0x000000008b600000, 0x000000008b700000|  0%| F|  |TAMS 0x000000008b600000, 0x000000008b600000| Untracked 
| 183|0x000000008b700000, 0x000000008b700000, 0x000000008b800000|  0%| F|  |TAMS 0x000000008b700000, 0x000000008b700000| Untracked 
| 184|0x000000008b800000, 0x000000008b800000, 0x000000008b900000|  0%| F|  |TAMS 0x000000008b800000, 0x000000008b800000| Untracked 
| 185|0x000000008b900000, 0x000000008b900000, 0x000000008ba00000|  0%| F|  |TAMS 0x000000008b900000, 0x000000008b900000| Untracked 
| 186|0x000000008ba00000, 0x000000008ba00000, 0x000000008bb00000|  0%| F|  |TAMS 0x000000008ba00000, 0x000000008ba00000| Untracked 
| 187|0x000000008bb00000, 0x000000008bb00000, 0x000000008bc00000|  0%| F|  |TAMS 0x000000008bb00000, 0x000000008bb00000| Untracked 
| 188|0x000000008bc00000, 0x000000008bc00000, 0x000000008bd00000|  0%| F|  |TAMS 0x000000008bc00000, 0x000000008bc00000| Untracked 
| 189|0x000000008bd00000, 0x000000008bd00000, 0x000000008be00000|  0%| F|  |TAMS 0x000000008bd00000, 0x000000008bd00000| Untracked 
| 190|0x000000008be00000, 0x000000008be00000, 0x000000008bf00000|  0%| F|  |TAMS 0x000000008be00000, 0x000000008be00000| Untracked 
| 191|0x000000008bf00000, 0x000000008bf00000, 0x000000008c000000|  0%| F|  |TAMS 0x000000008bf00000, 0x000000008bf00000| Untracked 
| 192|0x000000008c000000, 0x000000008c000000, 0x000000008c100000|  0%| F|  |TAMS 0x000000008c000000, 0x000000008c000000| Untracked 
| 193|0x000000008c100000, 0x000000008c100000, 0x000000008c200000|  0%| F|  |TAMS 0x000000008c100000, 0x000000008c100000| Untracked 
| 194|0x000000008c200000, 0x000000008c200000, 0x000000008c300000|  0%| F|  |TAMS 0x000000008c200000, 0x000000008c200000| Untracked 
| 195|0x000000008c300000, 0x000000008c300000, 0x000000008c400000|  0%| F|  |TAMS 0x000000008c300000, 0x000000008c300000| Untracked 
| 196|0x000000008c400000, 0x000000008c400000, 0x000000008c500000|  0%| F|  |TAMS 0x000000008c400000, 0x000000008c400000| Untracked 
| 197|0x000000008c500000, 0x000000008c500000, 0x000000008c600000|  0%| F|  |TAMS 0x000000008c500000, 0x000000008c500000| Untracked 
| 198|0x000000008c600000, 0x000000008c600000, 0x000000008c700000|  0%| F|  |TAMS 0x000000008c600000, 0x000000008c600000| Untracked 
| 199|0x000000008c700000, 0x000000008c700000, 0x000000008c800000|  0%| F|  |TAMS 0x000000008c700000, 0x000000008c700000| Untracked 
| 200|0x000000008c800000, 0x000000008c800000, 0x000000008c900000|  0%| F|  |TAMS 0x000000008c800000, 0x000000008c800000| Untracked 
| 201|0x000000008c900000, 0x000000008c900000, 0x000000008ca00000|  0%| F|  |TAMS 0x000000008c900000, 0x000000008c900000| Untracked 

Card table byte_map: [0x000002d4364f0000,0x000002d4368f0000] _byte_map_base: 0x000002d4360f0000

Marking Bits (Prev, Next): (CMBitMap*) 0x000002d423314960, (CMBitMap*) 0x000002d423314928
 Prev Bits: [0x000002d438cf0000, 0x000002d43acf0000)
 Next Bits: [0x000002d436cf0000, 0x000002d438cf0000)

Polling page: 0x000002d422ab0000

Metaspace:

Usage:
  Non-class:     88.38 MB capacity,    86.78 MB ( 98%) used,     1.29 MB (  1%) free+waste,   311.44 KB ( <1%) overhead. 
      Class:     14.00 MB capacity,    13.03 MB ( 93%) used,   849.02 KB (  6%) free+waste,   142.63 KB ( <1%) overhead. 
       Both:    102.38 MB capacity,    99.82 MB ( 97%) used,     2.12 MB (  2%) free+waste,   454.06 KB ( <1%) overhead. 

Virtual space:
  Non-class space:       90.00 MB reserved,      88.70 MB ( 99%) committed 
      Class space:        1.00 GB reserved,      14.13 MB (  1%) committed 
             Both:        1.09 GB reserved,     102.82 MB (  9%) committed 

Chunk freelists:
   Non-Class:  132.00 KB
       Class:  63.00 KB
        Both:  195.00 KB

MaxMetaspaceSize: 17179869184.00 GB
CompressedClassSpaceSize: 1.00 GB

CodeHeap 'non-profiled nmethods': size=120000Kb used=4695Kb max_used=4695Kb free=115304Kb
 bounds [0x000002d42e890000, 0x000002d42ed30000, 0x000002d435dc0000]
CodeHeap 'profiled nmethods': size=120000Kb used=23982Kb max_used=23982Kb free=96017Kb
 bounds [0x000002d427360000, 0x000002d428ad0000, 0x000002d42e890000]
CodeHeap 'non-nmethods': size=5760Kb used=2306Kb max_used=2328Kb free=3453Kb
 bounds [0x000002d426dc0000, 0x000002d427030000, 0x000002d427360000]
 total_blobs=12744 nmethods=11826 adapters=828
 compilation: enabled
              stopped_count=0, restarted_count=0
 full_count=0

Compilation events (20 events):
Event: 22.369 Thread 0x000002d43d746000 nmethod 12261 0x000002d428ac8910 code [0x000002d428ac8b20, 0x000002d428ac8e68]
Event: 22.369 Thread 0x000002d43d746000 12262       2       com.android.tools.r8.internal.NG::q (32 bytes)
Event: 22.370 Thread 0x000002d43d746000 nmethod 12262 0x000002d428ac9110 code [0x000002d428ac92c0, 0x000002d428ac93e8]
Event: 22.370 Thread 0x000002d43d746000 12282       2       com.android.tools.r8.graph.z::a (34 bytes)
Event: 22.370 Thread 0x000002d43d746000 nmethod 12282 0x000002d428ac9490 code [0x000002d428ac9660, 0x000002d428ac9848]
Event: 22.370 Thread 0x000002d43d746000 12257       2       com.android.tools.r8.graph.P::R (12 bytes)
Event: 22.370 Thread 0x000002d43d746000 nmethod 12257 0x000002d428ac9990 code [0x000002d428ac9b40, 0x000002d428ac9c58]
Event: 22.370 Thread 0x000002d43d746000 12242       2       com.android.tools.r8.internal.E7$c::<init> (7 bytes)
Event: 22.371 Thread 0x000002d43d746000 nmethod 12242 0x000002d428ac9d10 code [0x000002d428ac9ec0, 0x000002d428ac9fc8]
Event: 22.371 Thread 0x000002d43d746000 12248       2       com.android.tools.r8.internal.i2::<init> (18 bytes)
Event: 22.371 Thread 0x000002d43d746000 nmethod 12248 0x000002d428aca090 code [0x000002d428aca240, 0x000002d428aca3f8]
Event: 22.371 Thread 0x000002d43d746000 12283       2       java.util.ArrayList::hashCodeRange (68 bytes)
Event: 22.372 Thread 0x000002d43d746000 nmethod 12283 0x000002d428aca510 code [0x000002d428aca6e0, 0x000002d428aca998]
Event: 22.372 Thread 0x000002d43d746000 12249       2       com.android.tools.r8.internal.E7$c::<init> (40 bytes)
Event: 22.372 Thread 0x000002d43d746000 nmethod 12249 0x000002d428acab10 code [0x000002d428acacc0, 0x000002d428acadd8]
Event: 22.372 Thread 0x000002d43d746000 12252       2       java.util.ArrayDeque::addAll (50 bytes)
Event: 22.373 Thread 0x000002d43d746000 nmethod 12252 0x000002d428acae90 code [0x000002d428acb060, 0x000002d428acb348]
Event: 22.373 Thread 0x000002d43d746000 12284       2       com.android.tools.r8.internal.NG::b0 (25 bytes)
Event: 22.373 Thread 0x000002d43d746000 nmethod 12284 0x000002d428acb510 code [0x000002d428acb6e0, 0x000002d428acb8b8]
Event: 22.373 Thread 0x000002d43d746000 12286       2       com.android.tools.r8.internal.E7::p (1053 bytes)

GC Heap History (20 events):
Event: 15.153 GC heap after
{Heap after GC invocations=25 (full 0):
 garbage-first heap   total 143360K, used 75620K [0x0000000080000000, 0x0000000100000000)
  region size 1024K, 4 young (4096K), 4 survivors (4096K)
 Metaspace       used 84847K, capacity 86953K, committed 87244K, reserved 1124352K
  class space    used 10968K, capacity 11733K, committed 11776K, reserved 1048576K
}
Event: 16.090 GC heap before
{Heap before GC invocations=26 (full 0):
 garbage-first heap   total 143360K, used 113508K [0x0000000080000000, 0x0000000100000000)
  region size 1024K, 42 young (43008K), 4 survivors (4096K)
 Metaspace       used 85998K, capacity 88213K, committed 88524K, reserved 1126400K
  class space    used 11111K, capacity 11905K, committed 12032K, reserved 1048576K
}
Event: 16.100 GC heap after
{Heap after GC invocations=27 (full 0):
 garbage-first heap   total 143360K, used 77563K [0x0000000080000000, 0x0000000100000000)
  region size 1024K, 6 young (6144K), 6 survivors (6144K)
 Metaspace       used 85998K, capacity 88213K, committed 88524K, reserved 1126400K
  class space    used 11111K, capacity 11905K, committed 12032K, reserved 1048576K
}
Event: 17.325 GC heap before
{Heap before GC invocations=27 (full 0):
 garbage-first heap   total 143360K, used 116475K [0x0000000080000000, 0x0000000100000000)
  region size 1024K, 44 young (45056K), 6 survivors (6144K)
 Metaspace       used 88595K, capacity 90860K, committed 91084K, reserved 1128448K
  class space    used 11452K, capacity 12248K, committed 12288K, reserved 1048576K
}
Event: 17.337 GC heap after
{Heap after GC invocations=28 (full 0):
 garbage-first heap   total 172032K, used 78207K [0x0000000080000000, 0x0000000100000000)
  region size 1024K, 4 young (4096K), 4 survivors (4096K)
 Metaspace       used 88595K, capacity 90860K, committed 91084K, reserved 1128448K
  class space    used 11452K, capacity 12248K, committed 12288K, reserved 1048576K
}
Event: 18.829 GC heap before
{Heap before GC invocations=29 (full 0):
 garbage-first heap   total 172032K, used 128383K [0x0000000080000000, 0x0000000100000000)
  region size 1024K, 54 young (55296K), 4 survivors (4096K)
 Metaspace       used 90688K, capacity 92949K, committed 93132K, reserved 1130496K
  class space    used 11673K, capacity 12502K, committed 12544K, reserved 1048576K
}
Event: 18.843 GC heap after
{Heap after GC invocations=30 (full 0):
 garbage-first heap   total 172032K, used 81161K [0x0000000080000000, 0x0000000100000000)
  region size 1024K, 6 young (6144K), 6 survivors (6144K)
 Metaspace       used 90688K, capacity 92949K, committed 93132K, reserved 1130496K
  class space    used 11673K, capacity 12502K, committed 12544K, reserved 1048576K
}
Event: 19.340 GC heap before
{Heap before GC invocations=30 (full 0):
 garbage-first heap   total 172032K, used 131337K [0x0000000080000000, 0x0000000100000000)
  region size 1024K, 56 young (57344K), 6 survivors (6144K)
 Metaspace       used 92115K, capacity 94398K, committed 94668K, reserved 1130496K
  class space    used 11873K, capacity 12705K, committed 12800K, reserved 1048576K
}
Event: 19.357 GC heap after
{Heap after GC invocations=31 (full 0):
 garbage-first heap   total 172032K, used 93859K [0x0000000080000000, 0x0000000100000000)
  region size 1024K, 7 young (7168K), 7 survivors (7168K)
 Metaspace       used 92115K, capacity 94398K, committed 94668K, reserved 1130496K
  class space    used 11873K, capacity 12705K, committed 12800K, reserved 1048576K
}
Event: 20.041 GC heap before
{Heap before GC invocations=31 (full 0):
 garbage-first heap   total 172032K, used 134819K [0x0000000080000000, 0x0000000100000000)
  region size 1024K, 48 young (49152K), 7 survivors (7168K)
 Metaspace       used 94910K, capacity 97348K, committed 97484K, reserved 1134592K
  class space    used 12299K, capacity 13194K, committed 13312K, reserved 1048576K
}
Event: 20.067 GC heap after
{Heap after GC invocations=32 (full 0):
 garbage-first heap   total 172032K, used 99203K [0x0000000080000000, 0x0000000100000000)
  region size 1024K, 6 young (6144K), 6 survivors (6144K)
 Metaspace       used 94910K, capacity 97348K, committed 97484K, reserved 1134592K
  class space    used 12299K, capacity 13194K, committed 13312K, reserved 1048576K
}
Event: 20.689 GC heap before
{Heap before GC invocations=33 (full 0):
 garbage-first heap   total 172032K, used 136067K [0x0000000080000000, 0x0000000100000000)
  region size 1024K, 43 young (44032K), 6 survivors (6144K)
 Metaspace       used 95746K, capacity 98074K, committed 98636K, reserved 1134592K
  class space    used 12372K, capacity 13236K, committed 13440K, reserved 1048576K
}
Event: 20.717 GC heap after
{Heap after GC invocations=34 (full 0):
 garbage-first heap   total 206848K, used 106151K [0x0000000080000000, 0x0000000100000000)
  region size 1024K, 6 young (6144K), 6 survivors (6144K)
 Metaspace       used 95746K, capacity 98074K, committed 98636K, reserved 1134592K
  class space    used 12372K, capacity 13236K, committed 13440K, reserved 1048576K
}
Event: 21.067 GC heap before
{Heap before GC invocations=34 (full 0):
 garbage-first heap   total 206848K, used 154279K [0x0000000080000000, 0x0000000100000000)
  region size 1024K, 53 young (54272K), 6 survivors (6144K)
 Metaspace       used 96899K, capacity 99281K, committed 99404K, reserved 1134592K
  class space    used 12530K, capacity 13418K, committed 13440K, reserved 1048576K
}
Event: 21.092 GC heap after
{Heap after GC invocations=35 (full 0):
 garbage-first heap   total 206848K, used 115147K [0x0000000080000000, 0x0000000100000000)
  region size 1024K, 7 young (7168K), 7 survivors (7168K)
 Metaspace       used 96899K, capacity 99281K, committed 99404K, reserved 1134592K
  class space    used 12530K, capacity 13418K, committed 13440K, reserved 1048576K
}
Event: 21.602 GC heap before
{Heap before GC invocations=36 (full 0):
 garbage-first heap   total 206848K, used 160203K [0x0000000080000000, 0x0000000100000000)
  region size 1024K, 51 young (52224K), 7 survivors (7168K)
 Metaspace       used 99727K, capacity 102187K, committed 102348K, reserved 1138688K
  class space    used 13043K, capacity 13960K, committed 14080K, reserved 1048576K
}
Event: 21.625 GC heap after
{Heap after GC invocations=37 (full 0):
 garbage-first heap   total 206848K, used 121856K [0x0000000080000000, 0x0000000100000000)
  region size 1024K, 6 young (6144K), 6 survivors (6144K)
 Metaspace       used 99727K, capacity 102187K, committed 102348K, reserved 1138688K
  class space    used 13043K, capacity 13960K, committed 14080K, reserved 1048576K
}
Event: 21.951 GC heap before
{Heap before GC invocations=37 (full 0):
 garbage-first heap   total 206848K, used 164864K [0x0000000080000000, 0x0000000100000000)
  region size 1024K, 48 young (49152K), 6 survivors (6144K)
 Metaspace       used 101134K, capacity 103686K, committed 103884K, reserved 1138688K
  class space    used 13252K, capacity 14242K, committed 14336K, reserved 1048576K
}
Event: 21.964 GC heap after
{Heap after GC invocations=38 (full 0):
 garbage-first heap   total 206848K, used 123472K [0x0000000080000000, 0x0000000100000000)
  region size 1024K, 2 young (2048K), 2 survivors (2048K)
 Metaspace       used 101134K, capacity 103686K, committed 103884K, reserved 1138688K
  class space    used 13252K, capacity 14242K, committed 14336K, reserved 1048576K
}
Event: 22.377 GC heap before
{Heap before GC invocations=38 (full 0):
 garbage-first heap   total 206848K, used 165456K [0x0000000080000000, 0x0000000100000000)
  region size 1024K, 44 young (45056K), 2 survivors (2048K)
 Metaspace       used 102212K, capacity 104841K, committed 105292K, reserved 1140736K
  class space    used 13345K, capacity 14337K, committed 14464K, reserved 1048576K
}

Deoptimization events (20 events):
Event: 22.128 Thread 0x000002d442403800 DEOPT PACKING pc=0x000002d4276c4349 sp=0x000000e99fcfa280
Event: 22.128 Thread 0x000002d442403800 DEOPT UNPACKING pc=0x000002d426de76ce sp=0x000000e99fcf96f8 mode 0
Event: 22.128 Thread 0x000002d442403800 DEOPT PACKING pc=0x000002d4276c4349 sp=0x000000e99fcfa280
Event: 22.128 Thread 0x000002d442403800 DEOPT UNPACKING pc=0x000002d426de76ce sp=0x000000e99fcf96f8 mode 0
Event: 22.128 Thread 0x000002d442403800 DEOPT PACKING pc=0x000002d4276c4349 sp=0x000000e99fcfa280
Event: 22.128 Thread 0x000002d442403800 DEOPT UNPACKING pc=0x000002d426de76ce sp=0x000000e99fcf96f8 mode 0
Event: 22.156 Thread 0x000002d43fc18800 DEOPT PACKING pc=0x000002d42898201b sp=0x000000e99d4fe3d0
Event: 22.156 Thread 0x000002d43fc18800 DEOPT UNPACKING pc=0x000002d426de76ce sp=0x000000e99d4fd840 mode 0
Event: 22.192 Thread 0x000002d4423ff800 DEOPT PACKING pc=0x000002d42898201b sp=0x000000e99f5f9ef0
Event: 22.192 Thread 0x000002d4423ff800 DEOPT UNPACKING pc=0x000002d426de76ce sp=0x000000e99f5f9360 mode 0
Event: 22.208 Thread 0x000002d442403800 DEOPT PACKING pc=0x000002d428633a1c sp=0x000000e99fcfcfc0
Event: 22.208 Thread 0x000002d442403800 DEOPT UNPACKING pc=0x000002d426de76ce sp=0x000000e99fcfc488 mode 0
Event: 22.274 Thread 0x000002d442402000 DEOPT PACKING pc=0x000002d42898201b sp=0x000000e99f7f9450
Event: 22.274 Thread 0x000002d442402000 DEOPT UNPACKING pc=0x000002d426de76ce sp=0x000000e99f7f88c0 mode 0
Event: 22.331 Thread 0x000002d4423fe800 DEOPT PACKING pc=0x000002d42898201b sp=0x000000e99f8f96d0
Event: 22.331 Thread 0x000002d4423fe800 DEOPT UNPACKING pc=0x000002d426de76ce sp=0x000000e99f8f8b40 mode 0
Event: 22.342 Thread 0x000002d442401000 DEOPT PACKING pc=0x000002d428a04f5a sp=0x000000e99f6f9090
Event: 22.342 Thread 0x000002d442401000 DEOPT UNPACKING pc=0x000002d426de76ce sp=0x000000e99f6f8600 mode 0
Event: 22.359 Thread 0x000002d442402000 DEOPT PACKING pc=0x000002d42898201b sp=0x000000e99f7f9400
Event: 22.359 Thread 0x000002d442402000 DEOPT UNPACKING pc=0x000002d426de76ce sp=0x000000e99f7f8870 mode 0

Classes redefined (0 events):
No events

Internal exceptions (20 events):
Event: 21.366 Thread 0x000002d442402000 Exception <a 'java/lang/IncompatibleClassChangeError'{0x000000008b4da538}: Found class java.lang.Object, but interface was expected> (0x000000008b4da538) thrown at [./src/hotspot/share/interpreter/linkResolver.cpp, line 839]
Event: 21.368 Thread 0x000002d4423fe800 Exception <a 'java/lang/IncompatibleClassChangeError'{0x000000008aff2728}: Found class java.lang.Object, but interface was expected> (0x000000008aff2728) thrown at [./src/hotspot/share/interpreter/linkResolver.cpp, line 839]
Event: 21.398 Thread 0x000002d4423ff800 Exception <a 'java/lang/NoSuchMethodError'{0x000000008a904ea0}: 'void java.lang.invoke.DirectMethodHandle$Holder.invokeVirtual(java.lang.Object, java.lang.Object, int, java.lang.Object)'> (0x000000008a904ea0) thrown at [./src/hotspot/share/interpreter/linkResolver.cpp, line 773]
Event: 21.495 Thread 0x000002d442401000 Exception <a 'java/lang/NoSuchMethodError'{0x000000008a5b2380}: 'int java.lang.invoke.DirectMethodHandle$Holder.invokeSpecial(java.lang.Object, java.lang.Object, java.lang.Object, int, java.lang.Object)'> (0x000000008a5b2380) thrown at [./src/hotspot/share/interpreter/linkResolver.cpp, line 773]
Event: 21.495 Thread 0x000002d442402000 Exception <a 'java/lang/NoSuchMethodError'{0x000000008a53c4d8}: 'int java.lang.invoke.DirectMethodHandle$Holder.invokeSpecial(java.lang.Object, java.lang.Object, java.lang.Object, int, java.lang.Object)'> (0x000000008a53c4d8) thrown at [./src/hotspot/share/interpreter/linkResolver.cpp, line 773]
Event: 21.519 Thread 0x000002d442404800 Exception <a 'java/lang/NoSuchMethodError'{0x000000008a699cf0}: 'java.lang.Object java.lang.invoke.DirectMethodHandle$Holder.newInvokeSpecial(java.lang.Object, int)'> (0x000000008a699cf0) thrown at [./src/hotspot/share/interpreter/linkResolver.cpp, line 773]
Event: 21.519 Thread 0x000002d4423ff800 Exception <a 'java/lang/NoSuchMethodError'{0x000000008a425188}: 'java.lang.Object java.lang.invoke.DirectMethodHandle$Holder.newInvokeSpecial(java.lang.Object, int)'> (0x000000008a425188) thrown at [./src/hotspot/share/interpreter/linkResolver.cpp, line 773]
Event: 21.519 Thread 0x000002d442401000 Exception <a 'java/lang/NoSuchMethodError'{0x000000008a4b7120}: 'java.lang.Object java.lang.invoke.DirectMethodHandle$Holder.newInvokeSpecial(java.lang.Object, int)'> (0x000000008a4b7120) thrown at [./src/hotspot/share/interpreter/linkResolver.cpp, line 773]
Event: 21.519 Thread 0x000002d4423fe800 Exception <a 'java/lang/NoSuchMethodError'{0x000000008a41d6b0}: 'java.lang.Object java.lang.invoke.DirectMethodHandle$Holder.newInvokeSpecial(java.lang.Object, int)'> (0x000000008a41d6b0) thrown at [./src/hotspot/share/interpreter/linkResolver.cpp, line 773]
Event: 21.519 Thread 0x000002d442402000 Exception <a 'java/lang/NoSuchMethodError'{0x000000008a542058}: 'java.lang.Object java.lang.invoke.DirectMethodHandle$Holder.newInvokeSpecial(java.lang.Object, int)'> (0x000000008a542058) thrown at [./src/hotspot/share/interpreter/linkResolver.cpp, line 773]
Event: 21.519 Thread 0x000002d442402800 Exception <a 'java/lang/NoSuchMethodError'{0x000000008a5cb328}: 'java.lang.Object java.lang.invoke.DirectMethodHandle$Holder.newInvokeSpecial(java.lang.Object, int)'> (0x000000008a5cb328) thrown at [./src/hotspot/share/interpreter/linkResolver.cpp, line 773]
Event: 21.678 Thread 0x000002d4423fe800 Exception <a 'java/lang/NoSuchMethodError'{0x000000008c56ff48}: 'java.lang.Object java.lang.invoke.DirectMethodHandle$Holder.invokeInterface(java.lang.Object, java.lang.Object, int)'> (0x000000008c56ff48) thrown at [./src/hotspot/share/interpreter/linkResolver.cpp, line 773]
Event: 21.854 Thread 0x000002d442403800 Exception <a 'java/lang/NoSuchMethodError'{0x000000008ae6f5d0}: 'void java.lang.invoke.DirectMethodHandle$Holder.invokeSpecial(java.lang.Object, java.lang.Object, int, java.lang.Object, java.lang.Object, java.lang.Object, java.lang.Object)'> (0x000000008ae6f5d0) thrown at [./src/hotspot/share/interpreter/linkResolver.cpp, line 773]
Event: 21.856 Thread 0x000002d442403800 Exception <a 'java/lang/NoSuchMethodError'{0x000000008aed6af8}: 'java.lang.Object java.lang.invoke.Invokers$Holder.linkToTargetMethod(java.lang.Object, int, java.lang.Object, java.lang.Object, java.lang.Object, java.lang.Object)'> (0x000000008aed6af8) thrown at [./src/hotspot/share/interpreter/linkResolver.cpp, line 773]
Event: 21.857 Thread 0x000002d442403800 Exception <a 'java/lang/NoSuchMethodError'{0x000000008aedafa8}: 'void java.lang.invoke.DirectMethodHandle$Holder.invokeSpecial(java.lang.Object, java.lang.Object, java.lang.Object, java.lang.Object, java.lang.Object, java.lang.Object, java.lang.Object, java.lang.Object, java.lang.Object)'> (0x000000008aedafa8) thrown at [./src/hotspot/share/interpreter/linkResolver.cpp, line 773]
Event: 21.862 Thread 0x000002d442403800 Exception <a 'java/lang/NoSuchMethodError'{0x000000008adc5140}: 'void java.lang.invoke.DirectMethodHandle$Holder.invokeStatic(java.lang.Object, java.lang.Object, java.lang.Object, java.lang.Object, java.lang.Object, java.lang.Object, java.lang.Object, java.lang.Object)'> (0x000000008adc5140) thrown at [./src/hotspot/share/interpreter/linkResolver.cpp, line 773]
Event: 21.999 Thread 0x000002d442403800 Exception <a 'java/lang/IncompatibleClassChangeError'{0x000000008c5495e8}: Found class java.lang.Object, but interface was expected> (0x000000008c5495e8) thrown at [./src/hotspot/share/interpreter/linkResolver.cpp, line 839]
Event: 22.078 Thread 0x000002d442403800 Exception <a 'java/lang/NoSuchMethodError'{0x000000008be4cb20}: 'void java.lang.invoke.DirectMethodHandle$Holder.invokeVirtual(java.lang.Object, java.lang.Object, int)'> (0x000000008be4cb20) thrown at [./src/hotspot/share/interpreter/linkResolver.cpp, line 773]
Event: 22.152 Thread 0x000002d442403800 Exception <a 'sun/nio/fs/WindowsException'{0x000000008b9b3e70}> (0x000000008b9b3e70) thrown at [./src/hotspot/share/prims/jni.cpp, line 615]
Event: 22.371 Thread 0x000002d442403800 Exception <a 'sun/nio/fs/WindowsException'{0x000000008a0120b8}> (0x000000008a0120b8) thrown at [./src/hotspot/share/prims/jni.cpp, line 615]

Events (20 events):
Event: 22.312 loading class com/android/tools/r8/internal/Wg done
Event: 22.313 loading class com/android/tools/r8/internal/bh
Event: 22.313 loading class com/android/tools/r8/internal/bh done
Event: 22.313 loading class com/android/tools/r8/internal/Zg
Event: 22.313 loading class com/android/tools/r8/internal/Zg done
Event: 22.314 loading class com/android/tools/r8/internal/Tg
Event: 22.314 loading class com/android/tools/r8/internal/Tg done
Event: 22.339 loading class com/android/tools/r8/code/Z3
Event: 22.339 loading class com/android/tools/r8/code/Z3 done
Event: 22.340 loading class com/android/tools/r8/code/b4
Event: 22.340 loading class com/android/tools/r8/code/b4 done
Event: 22.340 loading class com/android/tools/r8/code/d4
Event: 22.340 loading class com/android/tools/r8/code/d4 done
Event: 22.341 loading class com/android/tools/r8/code/c4
Event: 22.341 loading class com/android/tools/r8/code/c4 done
Event: 22.342 loading class com/android/tools/r8/code/e4
Event: 22.342 loading class com/android/tools/r8/code/e4 done
Event: 22.343 loading class com/android/tools/r8/code/a4
Event: 22.343 loading class com/android/tools/r8/code/a4 done
Event: 22.375 Executing VM operation: G1CollectForAllocation


Dynamic libraries:
0x00007ff6739b0000 - 0x00007ff6739ba000 	C:\Program Files\Android\Android Studio\jre\bin\java.exe
0x00007ffb0e120000 - 0x00007ffb0e327000 	C:\WINDOWS\SYSTEM32\ntdll.dll
0x00007ffb0cc40000 - 0x00007ffb0ccfd000 	C:\WINDOWS\System32\KERNEL32.DLL
0x00007ffb0bb10000 - 0x00007ffb0be84000 	C:\WINDOWS\System32\KERNELBASE.dll
0x00007ffb0b770000 - 0x00007ffb0b881000 	C:\WINDOWS\System32\ucrtbase.dll
0x00007ffae0640000 - 0x00007ffae0657000 	C:\Program Files\Android\Android Studio\jre\bin\VCRUNTIME140.dll
0x00007ffaf28d0000 - 0x00007ffaf28e9000 	C:\Program Files\Android\Android Studio\jre\bin\jli.dll
0x00007ffb0c010000 - 0x00007ffb0c1bc000 	C:\WINDOWS\System32\USER32.dll
0x00007ffaf23a0000 - 0x00007ffaf2645000 	C:\WINDOWS\WinSxS\amd64_microsoft.windows.common-controls_6595b64144ccf1df_6.0.22000.120_none_9d947278b86cc467\COMCTL32.dll
0x00007ffb0ba70000 - 0x00007ffb0ba96000 	C:\WINDOWS\System32\win32u.dll
0x00007ffb0c410000 - 0x00007ffb0c4b3000 	C:\WINDOWS\System32\msvcrt.dll
0x00007ffb0caf0000 - 0x00007ffb0cb19000 	C:\WINDOWS\System32\GDI32.dll
0x00007ffb0be90000 - 0x00007ffb0bfa2000 	C:\WINDOWS\System32\gdi32full.dll
0x00007ffb0b9d0000 - 0x00007ffb0ba6d000 	C:\WINDOWS\System32\msvcp_win.dll
0x00007ffb0d6c0000 - 0x00007ffb0d6f1000 	C:\WINDOWS\System32\IMM32.DLL
0x00007ffadd060000 - 0x00007ffadd0fd000 	C:\Program Files\Android\Android Studio\jre\bin\msvcp140.dll
0x00007ffab4e70000 - 0x00007ffab593f000 	C:\Program Files\Android\Android Studio\jre\bin\server\jvm.dll
0x00007ffb0d610000 - 0x00007ffb0d6bc000 	C:\WINDOWS\System32\ADVAPI32.dll
0x00007ffb0d570000 - 0x00007ffb0d60d000 	C:\WINDOWS\System32\sechost.dll
0x00007ffb0dfb0000 - 0x00007ffb0e0d1000 	C:\WINDOWS\System32\RPCRT4.dll
0x00007ffb0dd10000 - 0x00007ffb0dd18000 	C:\WINDOWS\System32\PSAPI.DLL
0x00007ffae2d60000 - 0x00007ffae2d69000 	C:\WINDOWS\SYSTEM32\WSOCK32.dll
0x00007ffb06730000 - 0x00007ffb06763000 	C:\WINDOWS\SYSTEM32\WINMM.dll
0x00007ffb041f0000 - 0x00007ffb041fa000 	C:\WINDOWS\SYSTEM32\VERSION.dll
0x00007ffb0d700000 - 0x00007ffb0d76f000 	C:\WINDOWS\System32\WS2_32.dll
0x00007ffb0a720000 - 0x00007ffb0a738000 	C:\WINDOWS\SYSTEM32\kernel.appcore.dll
0x00007ffab8290000 - 0x00007ffab82a1000 	C:\Program Files\Android\Android Studio\jre\bin\verify.dll
0x00007ffafa0f0000 - 0x00007ffafa311000 	C:\WINDOWS\SYSTEM32\DBGHELP.DLL
0x00007ffaf2a40000 - 0x00007ffaf2a71000 	C:\WINDOWS\SYSTEM32\dbgcore.DLL
0x00007ffb0b950000 - 0x00007ffb0b9d0000 	C:\WINDOWS\System32\bcryptPrimitives.dll
0x00007ffab8260000 - 0x00007ffab8289000 	C:\Program Files\Android\Android Studio\jre\bin\java.dll
0x00007ffaddc50000 - 0x00007ffaddc5b000 	C:\Program Files\Android\Android Studio\jre\bin\jimage.dll
0x00007ffab8240000 - 0x00007ffab8258000 	C:\Program Files\Android\Android Studio\jre\bin\zip.dll
0x00007ffb0cd40000 - 0x00007ffb0d4ea000 	C:\WINDOWS\System32\SHELL32.dll
0x00007ffb097a0000 - 0x00007ffb0a002000 	C:\WINDOWS\SYSTEM32\windows.storage.dll
0x00007ffb0d990000 - 0x00007ffb0dd08000 	C:\WINDOWS\System32\combase.dll
0x00007ffb09630000 - 0x00007ffb09796000 	C:\WINDOWS\SYSTEM32\wintypes.dll
0x00007ffb0d8a0000 - 0x00007ffb0d98a000 	C:\WINDOWS\System32\SHCORE.dll
0x00007ffb0d4f0000 - 0x00007ffb0d54d000 	C:\WINDOWS\System32\shlwapi.dll
0x00007ffb0b530000 - 0x00007ffb0b551000 	C:\WINDOWS\SYSTEM32\profapi.dll
0x00007ffab8220000 - 0x00007ffab823a000 	C:\Program Files\Android\Android Studio\jre\bin\net.dll
0x00007ffb05790000 - 0x00007ffb0589c000 	C:\WINDOWS\SYSTEM32\WINHTTP.dll
0x00007ffb0ab30000 - 0x00007ffb0ab97000 	C:\WINDOWS\system32\mswsock.dll
0x00007ffab8200000 - 0x00007ffab8214000 	C:\Program Files\Android\Android Studio\jre\bin\nio.dll
0x00007ffaedd50000 - 0x00007ffaedd77000 	C:\Users\Yunasril\.gradle\native\8bec1ad78214c89d9ad589b4d07fe93259594b29d510b10fafb7a158f7737e5d\windows-amd64\native-platform.dll
0x00007ffab39c0000 - 0x00007ffab3afd000 	C:\Users\Yunasril\.gradle\native\53dbd7edfb1c66fb8903c78663c9afc45aea4f116125fa6feffd364cf09443e8\windows-amd64\native-platform-file-events.dll
0x00007ffad2d40000 - 0x00007ffad2d4a000 	C:\Program Files\Android\Android Studio\jre\bin\management.dll
0x00007ffad1260000 - 0x00007ffad126c000 	C:\Program Files\Android\Android Studio\jre\bin\management_ext.dll
0x00007ffb0ad70000 - 0x00007ffb0ad88000 	C:\WINDOWS\SYSTEM32\CRYPTSP.dll
0x00007ffb0a680000 - 0x00007ffb0a6b5000 	C:\WINDOWS\system32\rsaenh.dll
0x00007ffb0ac20000 - 0x00007ffb0ac49000 	C:\WINDOWS\SYSTEM32\USERENV.dll
0x00007ffb0af60000 - 0x00007ffb0af87000 	C:\WINDOWS\SYSTEM32\bcrypt.dll
0x00007ffb0ad90000 - 0x00007ffb0ad9c000 	C:\WINDOWS\SYSTEM32\CRYPTBASE.dll
0x00007ffb0a260000 - 0x00007ffb0a28d000 	C:\WINDOWS\SYSTEM32\IPHLPAPI.DLL
0x00007ffb0de00000 - 0x00007ffb0de09000 	C:\WINDOWS\System32\NSI.dll
0x00007ffb05630000 - 0x00007ffb05649000 	C:\WINDOWS\SYSTEM32\dhcpcsvc6.DLL
0x00007ffb06180000 - 0x00007ffb0619e000 	C:\WINDOWS\SYSTEM32\dhcpcsvc.DLL
0x00007ffb0a290000 - 0x00007ffb0a377000 	C:\WINDOWS\SYSTEM32\DNSAPI.dll

dbghelp: loaded successfully - version: 4.0.5 - missing functions: none
symbol engine: initialized successfully - sym options: 0x614 - pdb path: .;C:\Program Files\Android\Android Studio\jre\bin;C:\WINDOWS\SYSTEM32;C:\WINDOWS\WinSxS\amd64_microsoft.windows.common-controls_6595b64144ccf1df_6.0.22000.120_none_9d947278b86cc467;C:\Program Files\Android\Android Studio\jre\bin\server;C:\Users\Yunasril\.gradle\native\8bec1ad78214c89d9ad589b4d07fe93259594b29d510b10fafb7a158f7737e5d\windows-amd64;C:\Users\Yunasril\.gradle\native\53dbd7edfb1c66fb8903c78663c9afc45aea4f116125fa6feffd364cf09443e8\windows-amd64

VM Arguments:
jvm_args: --add-opens=java.base/java.util=ALL-UNNAMED --add-opens=java.base/java.lang=ALL-UNNAMED --add-opens=java.base/java.lang.invoke=ALL-UNNAMED --add-opens=java.base/java.util=ALL-UNNAMED --add-opens=java.prefs/java.util.prefs=ALL-UNNAMED --add-opens=java.prefs/java.util.prefs=ALL-UNNAMED --add-opens=java.base/java.nio.charset=ALL-UNNAMED --add-opens=java.base/java.net=ALL-UNNAMED --add-opens=java.base/java.util.concurrent.atomic=ALL-UNNAMED -Xmx2048m -Dfile.encoding=UTF-8 -Duser.country=ID -Duser.language=en -Duser.variant 
java_command: org.gradle.launcher.daemon.bootstrap.GradleDaemon 7.0.2
java_class_path (initial): C:\Users\Yunasril\.gradle\wrapper\dists\gradle-7.0.2-bin\857tjihv64xamwrf0h14cai3r\gradle-7.0.2\lib\gradle-launcher-7.0.2.jar
Launcher Type: SUN_STANDARD

[Global flags]
     intx CICompilerCount                          = 4                                         {product} {ergonomic}
     uint ConcGCThreads                            = 2                                         {product} {ergonomic}
     uint G1ConcRefinementThreads                  = 8                                         {product} {ergonomic}
   size_t G1HeapRegionSize                         = 1048576                                   {product} {ergonomic}
    uintx GCDrainStackTargetSize                   = 64                                        {product} {ergonomic}
   size_t InitialHeapSize                          = 100663296                                 {product} {ergonomic}
   size_t MarkStackSize                            = 4194304                                   {product} {ergonomic}
   size_t MaxHeapSize                              = 2147483648                                {product} {command line}
   size_t MaxNewSize                               = 1287651328                                {product} {ergonomic}
   size_t MinHeapDeltaBytes                        = 1048576                                   {product} {ergonomic}
    uintx NonNMethodCodeHeapSize                   = 5836300                                {pd product} {ergonomic}
    uintx NonProfiledCodeHeapSize                  = 122910970                              {pd product} {ergonomic}
    uintx ProfiledCodeHeapSize                     = 122910970                              {pd product} {ergonomic}
    uintx ReservedCodeCacheSize                    = 251658240                              {pd product} {ergonomic}
     bool SegmentedCodeCache                       = true                                      {product} {ergonomic}
     bool UseCompressedClassPointers               = true                                 {lp64_product} {ergonomic}
     bool UseCompressedOops                        = true                                 {lp64_product} {ergonomic}
     bool UseG1GC                                  = true                                      {product} {ergonomic}
     bool UseLargePagesIndividualAllocation        = false                                  {pd product} {ergonomic}

Logging:
Log output configuration:
 #0: stdout all=warning uptime,level,tags
 #1: stderr all=off uptime,level,tags

Environment Variables:
PATH=C:\Program Files\Common Files\Oracle\Java\javapath;C:\WINDOWS\system32;C:\WINDOWS;C:\WINDOWS\System32\Wbem;C:\WINDOWS\System32\WindowsPowerShell\v1.0\;C:\WINDOWS\System32\OpenSSH\;C:\Program Files\nodejs\;C:\Program Files\Git\cmd;C:\Program Files\dotnet\;C:\Users\Yunasril\AppData\Local\Microsoft\WindowsApps;C:\Users\Yunasril\AppData\Local\Programs\Microsoft VS Code\bin;C:\Program Files\JetBrains\IntelliJ IDEA Community Edition 2021.2\bin;;C:\Users\Yunasril\AppData\Local\GitHubDesktop\bin;C:\Users\Yunasril\AppData\Roaming\npm;C:\Users\Yunasril\.dotnet\tools
USERNAME=Yunasril
OS=Windows_NT
PROCESSOR_IDENTIFIER=AMD64 Family 23 Model 24 Stepping 1, AuthenticAMD



---------------  S Y S T E M  ---------------

OS: Windows 10 , 64 bit Build 22000 (10.0.22000.318)
OS uptime: 0 days 1:57 hours

CPU:total 8 (initial active 8) (8 cores per cpu, 2 threads per core) family 23 model 24 stepping 1 microcode 0x0, cmov, cx8, fxsr, mmx, sse, sse2, sse3, ssse3, sse4.1, sse4.2, popcnt, avx, avx2, aes, clmul, mmxext, 3dnowpref, lzcnt, sse4a, ht, tsc, tscinvbit, tscinv, bmi1, bmi2, adx, s

Memory: 4k page, system-wide physical 6057M (102M free)
TotalPageFile size 24489M (AvailPageFile size 7M)
current process WorkingSet (physical memory assigned to process): 437M, peak: 437M
current process commit charge ("private bytes"): 558M, peak: 599M

vm_info: OpenJDK 64-Bit Server VM (11.0.10+0-b96-7249189) for windows-amd64 JRE (11.0.10+0-b96-7249189), built on Mar 31 2021 21:44:00 by "builder" with MS VC++ 14.0 (VS2015)

END.
